<?xml version="1.0" encoding="UTF-8"?>
<!-- Generated by org.testng.reporters.JUnitReportReporter -->
<testsuite hostname="suresh-pc" name="pack1.class1" tests="1" failures="0" timestamp="29 Jun 2016 11:26:19 GMT" time="0.016" errors="0">
  <testcase name="Testcase1" time="0.016" classname="pack1.class1"/>
</testsuite> <!-- pack1.class1 -->
